Analysis & Synthesis report for VertebrateVerilog
Wed Jan 10 21:22:45 2024
Quartus II 64-Bit Version 13.1.0 Build 162 10/23/2013 SJ Web Edition


---------------------
; Table of Contents ;
---------------------
  1. Legal Notice
  2. Analysis & Synthesis Summary
  3. Analysis & Synthesis Settings
  4. Parallel Compilation
  5. Analysis & Synthesis Source Files Read
  6. Analysis & Synthesis Resource Usage Summary
  7. Analysis & Synthesis Resource Utilization by Entity
  8. User-Specified and Inferred Latches
  9. Registers Removed During Synthesis
 10. General Register Statistics
 11. Inverted Register Statistics
 12. Multiplexer Restructuring Statistics (Restructuring Performed)
 13. Port Connectivity Checks: "cpu:CPU"
 14. Elapsed Time Per Partition
 15. Analysis & Synthesis Messages



----------------
; Legal Notice ;
----------------
Copyright (C) 1991-2013 Altera Corporation
Your use of Altera Corporation's design tools, logic functions 
and other software and tools, and its AMPP partner logic 
functions, and any output files from any of the foregoing 
(including device programming or simulation files), and any 
associated documentation or information are expressly subject 
to the terms and conditions of the Altera Program License 
Subscription Agreement, Altera MegaCore Function License 
Agreement, or other applicable license agreement, including, 
without limitation, that your use is for the sole purpose of 
programming logic devices manufactured by Altera and sold by 
Altera or its authorized distributors.  Please refer to the 
applicable agreement for further details.



+---------------------------------------------------------------------------------+
; Analysis & Synthesis Summary                                                    ;
+------------------------------------+--------------------------------------------+
; Analysis & Synthesis Status        ; Successful - Wed Jan 10 21:22:44 2024      ;
; Quartus II 64-Bit Version          ; 13.1.0 Build 162 10/23/2013 SJ Web Edition ;
; Revision Name                      ; VertebrateVerilog                          ;
; Top-level Entity Name              ; main                                       ;
; Family                             ; Cyclone IV E                               ;
; Total logic elements               ; 57,613                                     ;
;     Total combinational functions  ; 25,554                                     ;
;     Dedicated logic registers      ; 32,940                                     ;
; Total registers                    ; 32940                                      ;
; Total pins                         ; 14                                         ;
; Total virtual pins                 ; 0                                          ;
; Total memory bits                  ; 0                                          ;
; Embedded Multiplier 9-bit elements ; 0                                          ;
; Total PLLs                         ; 0                                          ;
+------------------------------------+--------------------------------------------+


+----------------------------------------------------------------------------------------------------------------------+
; Analysis & Synthesis Settings                                                                                        ;
+----------------------------------------------------------------------------+--------------------+--------------------+
; Option                                                                     ; Setting            ; Default Value      ;
+----------------------------------------------------------------------------+--------------------+--------------------+
; Device                                                                     ; EP4CE22F17C6       ;                    ;
; Top-level entity name                                                      ; main               ; VertebrateVerilog  ;
; Family name                                                                ; Cyclone IV E       ; Cyclone IV GX      ;
; Use smart compilation                                                      ; Off                ; Off                ;
; Enable parallel Assembler and TimeQuest Timing Analyzer during compilation ; On                 ; On                 ;
; Enable compact report table                                                ; Off                ; Off                ;
; Restructure Multiplexers                                                   ; Auto               ; Auto               ;
; Create Debugging Nodes for IP Cores                                        ; Off                ; Off                ;
; Preserve fewer node names                                                  ; On                 ; On                 ;
; Disable OpenCore Plus hardware evaluation                                  ; Off                ; Off                ;
; Verilog Version                                                            ; Verilog_2001       ; Verilog_2001       ;
; VHDL Version                                                               ; VHDL_1993          ; VHDL_1993          ;
; State Machine Processing                                                   ; Auto               ; Auto               ;
; Safe State Machine                                                         ; Off                ; Off                ;
; Extract Verilog State Machines                                             ; On                 ; On                 ;
; Extract VHDL State Machines                                                ; On                 ; On                 ;
; Ignore Verilog initial constructs                                          ; Off                ; Off                ;
; Iteration limit for constant Verilog loops                                 ; 5000               ; 5000               ;
; Iteration limit for non-constant Verilog loops                             ; 250                ; 250                ;
; Add Pass-Through Logic to Inferred RAMs                                    ; On                 ; On                 ;
; Infer RAMs from Raw Logic                                                  ; On                 ; On                 ;
; Parallel Synthesis                                                         ; On                 ; On                 ;
; DSP Block Balancing                                                        ; Auto               ; Auto               ;
; NOT Gate Push-Back                                                         ; On                 ; On                 ;
; Power-Up Don't Care                                                        ; On                 ; On                 ;
; Remove Redundant Logic Cells                                               ; Off                ; Off                ;
; Remove Duplicate Registers                                                 ; On                 ; On                 ;
; Ignore CARRY Buffers                                                       ; Off                ; Off                ;
; Ignore CASCADE Buffers                                                     ; Off                ; Off                ;
; Ignore GLOBAL Buffers                                                      ; Off                ; Off                ;
; Ignore ROW GLOBAL Buffers                                                  ; Off                ; Off                ;
; Ignore LCELL Buffers                                                       ; Off                ; Off                ;
; Ignore SOFT Buffers                                                        ; On                 ; On                 ;
; Limit AHDL Integers to 32 Bits                                             ; Off                ; Off                ;
; Optimization Technique                                                     ; Balanced           ; Balanced           ;
; Carry Chain Length                                                         ; 70                 ; 70                 ;
; Auto Carry Chains                                                          ; On                 ; On                 ;
; Auto Open-Drain Pins                                                       ; On                 ; On                 ;
; Perform WYSIWYG Primitive Resynthesis                                      ; Off                ; Off                ;
; Auto ROM Replacement                                                       ; On                 ; On                 ;
; Auto RAM Replacement                                                       ; On                 ; On                 ;
; Auto DSP Block Replacement                                                 ; On                 ; On                 ;
; Auto Shift Register Replacement                                            ; Auto               ; Auto               ;
; Allow Shift Register Merging across Hierarchies                            ; Auto               ; Auto               ;
; Auto Clock Enable Replacement                                              ; On                 ; On                 ;
; Strict RAM Replacement                                                     ; Off                ; Off                ;
; Allow Synchronous Control Signals                                          ; On                 ; On                 ;
; Force Use of Synchronous Clear Signals                                     ; Off                ; Off                ;
; Auto RAM Block Balancing                                                   ; On                 ; On                 ;
; Auto RAM to Logic Cell Conversion                                          ; Off                ; Off                ;
; Auto Resource Sharing                                                      ; Off                ; Off                ;
; Allow Any RAM Size For Recognition                                         ; Off                ; Off                ;
; Allow Any ROM Size For Recognition                                         ; Off                ; Off                ;
; Allow Any Shift Register Size For Recognition                              ; Off                ; Off                ;
; Use LogicLock Constraints during Resource Balancing                        ; On                 ; On                 ;
; Ignore translate_off and synthesis_off directives                          ; Off                ; Off                ;
; Timing-Driven Synthesis                                                    ; On                 ; On                 ;
; Report Parameter Settings                                                  ; On                 ; On                 ;
; Report Source Assignments                                                  ; On                 ; On                 ;
; Report Connectivity Checks                                                 ; On                 ; On                 ;
; Ignore Maximum Fan-Out Assignments                                         ; Off                ; Off                ;
; Synchronization Register Chain Length                                      ; 2                  ; 2                  ;
; PowerPlay Power Optimization                                               ; Normal compilation ; Normal compilation ;
; HDL message level                                                          ; Level2             ; Level2             ;
; Suppress Register Optimization Related Messages                            ; Off                ; Off                ;
; Number of Removed Registers Reported in Synthesis Report                   ; 5000               ; 5000               ;
; Number of Swept Nodes Reported in Synthesis Report                         ; 5000               ; 5000               ;
; Number of Inverted Registers Reported in Synthesis Report                  ; 100                ; 100                ;
; Clock MUX Protection                                                       ; On                 ; On                 ;
; Auto Gated Clock Conversion                                                ; Off                ; Off                ;
; Block Design Naming                                                        ; Auto               ; Auto               ;
; SDC constraint protection                                                  ; Off                ; Off                ;
; Synthesis Effort                                                           ; Auto               ; Auto               ;
; Shift Register Replacement - Allow Asynchronous Clear Signal               ; On                 ; On                 ;
; Pre-Mapping Resynthesis Optimization                                       ; Off                ; Off                ;
; Analysis & Synthesis Message Level                                         ; Medium             ; Medium             ;
; Disable Register Merging Across Hierarchies                                ; Auto               ; Auto               ;
; Resource Aware Inference For Block RAM                                     ; On                 ; On                 ;
; Synthesis Seed                                                             ; 1                  ; 1                  ;
+----------------------------------------------------------------------------+--------------------+--------------------+


Parallel compilation was disabled, but you have multiple processors available. Enable parallel compilation to reduce compilation time.
+-------------------------------------+
; Parallel Compilation                ;
+----------------------------+--------+
; Processors                 ; Number ;
+----------------------------+--------+
; Number detected on machine ; 12     ;
; Maximum allowed            ; 1      ;
+----------------------------+--------+


+------------------------------------------------------------------------------------------------------------------------------------------------------------------------------------------------------------------------------------+
; Analysis & Synthesis Source Files Read                                                                                                                                                                                             ;
+--------------------------------------------------------------------------+-----------------+------------------------------+----------------------------------------------------------------------------------------------+---------+
; File Name with User-Entered Path                                         ; Used in Netlist ; File Type                    ; File Name with Absolute Path                                                                 ; Library ;
+--------------------------------------------------------------------------+-----------------+------------------------------+----------------------------------------------------------------------------------------------+---------+
; cpu.sv                                                                   ; yes             ; User SystemVerilog HDL File  ; C:/Users/mtuna/Desktop/vertebrate cpu/Vertebrate CPU/Verilog/cpu.sv                          ;         ;
; interrupt_controller.sv                                                  ; yes             ; User SystemVerilog HDL File  ; C:/Users/mtuna/Desktop/vertebrate cpu/Vertebrate CPU/Verilog/interrupt_controller.sv         ;         ;
; switch_adapter.sv                                                        ; yes             ; User SystemVerilog HDL File  ; C:/Users/mtuna/Desktop/vertebrate cpu/Vertebrate CPU/Verilog/switch_adapter.sv               ;         ;
; seven_segment_adapter_4.sv                                               ; yes             ; User SystemVerilog HDL File  ; C:/Users/mtuna/Desktop/vertebrate cpu/Vertebrate CPU/Verilog/seven_segment_adapter_4.sv      ;         ;
; main.sv                                                                  ; yes             ; User SystemVerilog HDL File  ; C:/Users/mtuna/Desktop/vertebrate cpu/Vertebrate CPU/Verilog/main.sv                         ;         ;
; switch_adapter_for_interrupt.sv                                          ; yes             ; User SystemVerilog HDL File  ; C:/Users/mtuna/Desktop/vertebrate cpu/Vertebrate CPU/Verilog/switch_adapter_for_interrupt.sv ;         ;
; /users/mtuna/desktop/vertebrate cpu/vertebrate cpu/assembler/program.txt ; yes             ; Auto-Found File              ; /users/mtuna/desktop/vertebrate cpu/vertebrate cpu/assembler/program.txt                     ;         ;
+--------------------------------------------------------------------------+-----------------+------------------------------+----------------------------------------------------------------------------------------------+---------+


+---------------------------------------------------------+
; Analysis & Synthesis Resource Usage Summary             ;
+---------------------------------------------+-----------+
; Resource                                    ; Usage     ;
+---------------------------------------------+-----------+
; Estimated Total logic elements              ; 57,613    ;
;                                             ;           ;
; Total combinational functions               ; 25554     ;
; Logic element usage by number of LUT inputs ;           ;
;     -- 4 input functions                    ; 23787     ;
;     -- 3 input functions                    ; 871       ;
;     -- <=2 input functions                  ; 896       ;
;                                             ;           ;
; Logic elements by mode                      ;           ;
;     -- normal mode                          ; 25457     ;
;     -- arithmetic mode                      ; 97        ;
;                                             ;           ;
; Total registers                             ; 32940     ;
;     -- Dedicated logic registers            ; 32940     ;
;     -- I/O registers                        ; 0         ;
;                                             ;           ;
; I/O pins                                    ; 14        ;
; Embedded Multiplier 9-bit elements          ; 0         ;
; Maximum fan-out node                        ; clk~input ;
; Maximum fan-out                             ; 32940     ;
; Total fan-out                               ; 197633    ;
; Average fan-out                             ; 3.38      ;
+---------------------------------------------+-----------+


+------------------------------------------------------------------------------------------------------------------------------------------------------------------------------------------------------------+
; Analysis & Synthesis Resource Utilization by Entity                                                                                                                                                        ;
+---------------------------------------+-------------------+---------------+-------------+--------------+---------+-----------+------+--------------+----------------------------------------+--------------+
; Compilation Hierarchy Node            ; LC Combinationals ; LC Registers  ; Memory Bits ; DSP Elements ; DSP 9x9 ; DSP 18x18 ; Pins ; Virtual Pins ; Full Hierarchy Name                    ; Library Name ;
+---------------------------------------+-------------------+---------------+-------------+--------------+---------+-----------+------+--------------+----------------------------------------+--------------+
; |main                                 ; 25554 (24789)     ; 32940 (32768) ; 0           ; 0            ; 0       ; 0         ; 14   ; 0            ; |main                                  ; work         ;
;    |cpu:CPU|                          ; 749 (749)         ; 159 (159)     ; 0           ; 0            ; 0       ; 0         ; 0    ; 0            ; |main|cpu:CPU                          ; work         ;
;    |interrupt_controller:comb_4|      ; 1 (1)             ; 0 (0)         ; 0           ; 0            ; 0       ; 0         ; 0    ; 0            ; |main|interrupt_controller:comb_4      ; work         ;
;    |seven_segment_adapter_4:ssa_4|    ; 7 (7)             ; 10 (10)       ; 0           ; 0            ; 0       ; 0         ; 0    ; 0            ; |main|seven_segment_adapter_4:ssa_4    ; work         ;
;    |switch_adapter:sal|               ; 8 (8)             ; 2 (2)         ; 0           ; 0            ; 0       ; 0         ; 0    ; 0            ; |main|switch_adapter:sal               ; work         ;
;    |switch_adapter_for_interrupt:sar| ; 0 (0)             ; 1 (1)         ; 0           ; 0            ; 0       ; 0         ; 0    ; 0            ; |main|switch_adapter_for_interrupt:sar ; work         ;
+---------------------------------------+-------------------+---------------+-------------+--------------+---------+-----------+------+--------------+----------------------------------------+--------------+
Note: For table entries with two numbers listed, the numbers in parentheses indicate the number of resources of the given type used by the specific entity alone. The numbers listed outside of parentheses indicate the total resources of the given type used by the specific entity and all of its sub-entities in the hierarchy.


+---------------------------------------------------------------------------------------------------+
; User-Specified and Inferred Latches                                                               ;
+----------------------------------------------------+---------------------+------------------------+
; Latch Name                                         ; Latch Enable Signal ; Free of Timing Hazards ;
+----------------------------------------------------+---------------------+------------------------+
; interrupt_controller:comb_4|IRQs[0]                ; cpu:CPU|Equal5      ; yes                    ;
; Number of user-specified and inferred latches = 1  ;                     ;                        ;
+----------------------------------------------------+---------------------+------------------------+
Note: All latches listed above may not be present at the end of synthesis due to various synthesis optimizations.


+-------------------------------------------------------------------------------------------+
; Registers Removed During Synthesis                                                        ;
+----------------------------------------+--------------------------------------------------+
; Register name                          ; Reason for Removal                               ;
+----------------------------------------+--------------------------------------------------+
; switch_adapter_for_interrupt:sar|dr    ; Merged with switch_adapter_for_interrupt:sar|IRQ ;
; cpu:CPU|interruptreg[1]                ; Stuck at GND due to stuck port data_in           ;
; cpu:CPU|interruptreg[5,7,9,10]         ; Stuck at VCC due to stuck port data_in           ;
; cpu:CPU|interruptreg[3]                ; Stuck at GND due to stuck port data_in           ;
; cpu:CPU|interruptreg[6,8]              ; Stuck at VCC due to stuck port data_in           ;
; cpu:CPU|interruptreg[2]                ; Stuck at GND due to stuck port data_in           ;
; cpu:CPU|interruptreg[4]                ; Stuck at VCC due to stuck port data_in           ;
; cpu:CPU|interruptreg[0]                ; Stuck at GND due to stuck port data_in           ;
; Total Number of Removed Registers = 12 ;                                                  ;
+----------------------------------------+--------------------------------------------------+


+------------------------------------------------------+
; General Register Statistics                          ;
+----------------------------------------------+-------+
; Statistic                                    ; Value ;
+----------------------------------------------+-------+
; Total registers                              ; 32940 ;
; Number of registers using Synchronous Clear  ; 0     ;
; Number of registers using Synchronous Load   ; 29    ;
; Number of registers using Asynchronous Clear ; 0     ;
; Number of registers using Asynchronous Load  ; 0     ;
; Number of registers using Clock Enable       ; 32923 ;
; Number of registers using Preset             ; 0     ;
+----------------------------------------------+-------+


+--------------------------------------------------+
; Inverted Register Statistics                     ;
+----------------------------------------+---------+
; Inverted Register                      ; Fan out ;
+----------------------------------------+---------+
; seven_segment_adapter_4:ssa_4|gnds[1]  ; 2       ;
; seven_segment_adapter_4:ssa_4|gnds[2]  ; 2       ;
; seven_segment_adapter_4:ssa_4|gnds[3]  ; 2       ;
; Total number of inverted registers = 3 ;         ;
+----------------------------------------+---------+


+--------------------------------------------------------------------------------------------------------------------------------------------+
; Multiplexer Restructuring Statistics (Restructuring Performed)                                                                             ;
+--------------------+-----------+---------------+----------------------+------------------------+------------+------------------------------+
; Multiplexer Inputs ; Bus Width ; Baseline Area ; Area if Restructured ; Saving if Restructured ; Registered ; Example Multiplexer Output   ;
+--------------------+-----------+---------------+----------------------+------------------------+------------+------------------------------+
; 33:1               ; 2 bits    ; 44 LEs        ; 22 LEs               ; 22 LEs                 ; Yes        ; |main|cpu:CPU|state[1]       ;
; 32:1               ; 16 bits   ; 336 LEs       ; 16 LEs               ; 320 LEs                ; Yes        ; |main|cpu:CPU|regbank[6][3]  ;
; 32:1               ; 16 bits   ; 336 LEs       ; 16 LEs               ; 320 LEs                ; Yes        ; |main|cpu:CPU|regbank[5][12] ;
; 32:1               ; 16 bits   ; 336 LEs       ; 16 LEs               ; 320 LEs                ; Yes        ; |main|cpu:CPU|regbank[4][14] ;
; 32:1               ; 16 bits   ; 336 LEs       ; 16 LEs               ; 320 LEs                ; Yes        ; |main|cpu:CPU|regbank[3][15] ;
; 32:1               ; 16 bits   ; 336 LEs       ; 16 LEs               ; 320 LEs                ; Yes        ; |main|cpu:CPU|regbank[2][7]  ;
; 32:1               ; 16 bits   ; 336 LEs       ; 16 LEs               ; 320 LEs                ; Yes        ; |main|cpu:CPU|regbank[1][10] ;
; 32:1               ; 16 bits   ; 336 LEs       ; 16 LEs               ; 320 LEs                ; Yes        ; |main|cpu:CPU|regbank[0][2]  ;
; 14:1               ; 11 bits   ; 99 LEs        ; 22 LEs               ; 77 LEs                 ; Yes        ; |main|cpu:CPU|pc[3]          ;
; 16:1               ; 5 bits    ; 50 LEs        ; 10 LEs               ; 40 LEs                 ; Yes        ; |main|cpu:CPU|regbank[7][12] ;
; 16:1               ; 11 bits   ; 110 LEs       ; 22 LEs               ; 88 LEs                 ; Yes        ; |main|cpu:CPU|regbank[7][0]  ;
; 8:1                ; 16 bits   ; 80 LEs        ; 80 LEs               ; 0 LEs                  ; No         ; |main|cpu:CPU|Mux40          ;
; 8:1                ; 16 bits   ; 80 LEs        ; 80 LEs               ; 0 LEs                  ; No         ; |main|cpu:CPU|Mux23          ;
; 5:1                ; 15 bits   ; 45 LEs        ; 30 LEs               ; 15 LEs                 ; No         ; |main|cpu_data_in[6]         ;
; 18:1               ; 10 bits   ; 120 LEs       ; 20 LEs               ; 100 LEs                ; No         ; |main|cpu:CPU|Selector140    ;
; 11:1               ; 11 bits   ; 77 LEs        ; 22 LEs               ; 55 LEs                 ; No         ; |main|cpu:CPU|Selector136    ;
; 20:1               ; 3 bits    ; 39 LEs        ; 27 LEs               ; 12 LEs                 ; No         ; |main|cpu:CPU|Mux78          ;
; 20:1               ; 4 bits    ; 52 LEs        ; 32 LEs               ; 20 LEs                 ; No         ; |main|cpu:CPU|Mux74          ;
; 21:1               ; 2 bits    ; 28 LEs        ; 18 LEs               ; 10 LEs                 ; No         ; |main|cpu:CPU|Mux72          ;
; 22:1               ; 2 bits    ; 28 LEs        ; 18 LEs               ; 10 LEs                 ; No         ; |main|cpu:CPU|Mux70          ;
; 4:1                ; 5 bits    ; 10 LEs        ; 0 LEs                ; 10 LEs                 ; No         ; |main|cpu:CPU|Add4           ;
; 5:1                ; 11 bits   ; 33 LEs        ; 0 LEs                ; 33 LEs                 ; No         ; |main|cpu:CPU|Add4           ;
+--------------------+-----------+---------------+----------------------+------------------------+------------+------------------------------+


+--------------------------------------------------------------------------------------------------------------------------------------------------------------+
; Port Connectivity Checks: "cpu:CPU"                                                                                                                          ;
+---------+--------+----------+--------------------------------------------------------------------------------------------------------------------------------+
; Port    ; Type   ; Severity ; Details                                                                                                                        ;
+---------+--------+----------+--------------------------------------------------------------------------------------------------------------------------------+
; address ; Output ; Warning  ; Output or bidir port (12 bits) is wider than the port expression (11 bits) it drives; bit(s) "address[11..11]" have no fanouts ;
+---------+--------+----------+--------------------------------------------------------------------------------------------------------------------------------+


+-------------------------------+
; Elapsed Time Per Partition    ;
+----------------+--------------+
; Partition Name ; Elapsed Time ;
+----------------+--------------+
; Top            ; 00:01:23     ;
+----------------+--------------+


+-------------------------------+
; Analysis & Synthesis Messages ;
+-------------------------------+
Info: *******************************************************************
Info: Running Quartus II 64-Bit Analysis & Synthesis
    Info: Version 13.1.0 Build 162 10/23/2013 SJ Web Edition
    Info: Processing started: Wed Jan 10 21:21:14 2024
Info: Command: quartus_map --read_settings_files=on --write_settings_files=off VertebrateVerilog -c VertebrateVerilog
Warning (20028): Parallel compilation is not licensed and has been disabled
Info (12021): Found 1 design units, including 1 entities, in source file cpu.sv
    Info (12023): Found entity 1: cpu
Info (12021): Found 1 design units, including 1 entities, in source file interrupt_controller.sv
    Info (12023): Found entity 1: interrupt_controller
Info (12021): Found 1 design units, including 1 entities, in source file switch_adapter.sv
    Info (12023): Found entity 1: switch_adapter
Info (12021): Found 1 design units, including 1 entities, in source file seven_segment_adapter_4.sv
    Info (12023): Found entity 1: seven_segment_adapter_4
Info (12021): Found 1 design units, including 1 entities, in source file main.sv
    Info (12023): Found entity 1: main
Info (12021): Found 1 design units, including 1 entities, in source file switch_adapter_for_interrupt.sv
    Info (12023): Found entity 1: switch_adapter_for_interrupt
Critical Warning (10846): Verilog HDL Instantiation warning at main.sv(33): instance has no name
Info (12127): Elaborating entity "main" for the top level hierarchy
Warning (10850): Verilog HDL warning at main.sv(68): number of words (174) in memory file does not match the number of elements in the address range [0:2047]
Warning (10030): Net "address[11]" at main.sv(13) has no driver or initial value, using a default initial value '0'
Info (12128): Elaborating entity "cpu" for hierarchy "cpu:CPU"
Warning (10230): Verilog HDL assignment warning at cpu.sv(55): truncated value with size 32 to match size of target (12)
Warning (10230): Verilog HDL assignment warning at cpu.sv(61): truncated value with size 32 to match size of target (12)
Warning (10230): Verilog HDL assignment warning at cpu.sv(106): truncated value with size 32 to match size of target (16)
Warning (10230): Verilog HDL assignment warning at cpu.sv(115): truncated value with size 32 to match size of target (16)
Warning (10230): Verilog HDL assignment warning at cpu.sv(130): truncated value with size 32 to match size of target (16)
Warning (10230): Verilog HDL assignment warning at cpu.sv(140): truncated value with size 32 to match size of target (16)
Warning (10230): Verilog HDL assignment warning at cpu.sv(155): truncated value with size 32 to match size of target (16)
Warning (10230): Verilog HDL assignment warning at cpu.sv(162): truncated value with size 32 to match size of target (16)
Warning (10230): Verilog HDL assignment warning at cpu.sv(175): truncated value with size 32 to match size of target (16)
Warning (10230): Verilog HDL assignment warning at cpu.sv(181): truncated value with size 32 to match size of target (16)
Warning (10230): Verilog HDL assignment warning at cpu.sv(188): truncated value with size 16 to match size of target (12)
Warning (10230): Verilog HDL assignment warning at cpu.sv(266): truncated value with size 32 to match size of target (16)
Warning (10230): Verilog HDL assignment warning at cpu.sv(267): truncated value with size 32 to match size of target (16)
Warning (10230): Verilog HDL assignment warning at cpu.sv(268): truncated value with size 32 to match size of target (16)
Info (12128): Elaborating entity "interrupt_controller" for hierarchy "interrupt_controller:comb_4"
Warning (10240): Verilog HDL Always Construct warning at interrupt_controller.sv(20): inferring latch(es) for variable "INTV", which holds its previous value in one or more paths through the always construct
Warning (10240): Verilog HDL Always Construct warning at interrupt_controller.sv(20): inferring latch(es) for variable "IRQs", which holds its previous value in one or more paths through the always construct
Info (10041): Inferred latch for "IRQs[0]" at interrupt_controller.sv(20)
Info (10041): Inferred latch for "IRQs[1]" at interrupt_controller.sv(20)
Info (10041): Inferred latch for "IRQs[2]" at interrupt_controller.sv(20)
Info (10041): Inferred latch for "IRQs[3]" at interrupt_controller.sv(20)
Info (10041): Inferred latch for "IRQs[4]" at interrupt_controller.sv(20)
Info (10041): Inferred latch for "IRQs[5]" at interrupt_controller.sv(20)
Info (10041): Inferred latch for "IRQs[6]" at interrupt_controller.sv(20)
Info (10041): Inferred latch for "IRQs[7]" at interrupt_controller.sv(20)
Info (10041): Inferred latch for "INTV[0]" at interrupt_controller.sv(20)
Info (10041): Inferred latch for "INTV[1]" at interrupt_controller.sv(20)
Info (10041): Inferred latch for "INTV[2]" at interrupt_controller.sv(20)
Info (12128): Elaborating entity "switch_adapter" for hierarchy "switch_adapter:sal"
Info (12128): Elaborating entity "switch_adapter_for_interrupt" for hierarchy "switch_adapter_for_interrupt:sar"
Info (12128): Elaborating entity "seven_segment_adapter_4" for hierarchy "seven_segment_adapter_4:ssa_4"
Warning (10027): Verilog HDL or VHDL warning at the seven_segment_adapter_4.sv(18): index expression is not wide enough to address all of the elements in the array
Warning (10199): Verilog HDL Case Statement warning at seven_segment_adapter_4.sv(21): case item expression never matches the case expression
Warning (10199): Verilog HDL Case Statement warning at seven_segment_adapter_4.sv(22): case item expression never matches the case expression
Warning (10199): Verilog HDL Case Statement warning at seven_segment_adapter_4.sv(23): case item expression never matches the case expression
Warning (10199): Verilog HDL Case Statement warning at seven_segment_adapter_4.sv(24): case item expression never matches the case expression
Warning (10199): Verilog HDL Case Statement warning at seven_segment_adapter_4.sv(25): case item expression never matches the case expression
Warning (10199): Verilog HDL Case Statement warning at seven_segment_adapter_4.sv(26): case item expression never matches the case expression
Warning (10199): Verilog HDL Case Statement warning at seven_segment_adapter_4.sv(27): case item expression never matches the case expression
Warning (10199): Verilog HDL Case Statement warning at seven_segment_adapter_4.sv(28): case item expression never matches the case expression
Warning (10230): Verilog HDL assignment warning at seven_segment_adapter_4.sv(36): truncated value with size 32 to match size of target (2)
Info (276014): Found 1 instances of uninferred RAM logic
    Info (276007): RAM logic "RAM" is uninferred due to asynchronous read logic
Warning (127007): Memory Initialization File or Hexadecimal (Intel-Format) File "C:/Users/mtuna/Desktop/vertebrate cpu/Vertebrate CPU/Verilog/db/VertebrateVerilog.ram0_main_3dde57.hdl.mif" contains "don't care" values -- overwriting them with 0s
Warning (12241): 1 hierarchies have connectivity warnings - see the Connectivity Checks report folder
Warning (13024): Output pins are stuck at VCC or GND
    Warning (13410): Pin "seven_segment_display[0]" is stuck at GND
    Warning (13410): Pin "seven_segment_display[4]" is stuck at VCC
    Warning (13410): Pin "seven_segment_display[5]" is stuck at VCC
Info (286030): Timing-Driven Synthesis is running
Info (16010): Generating hard_block partition "hard_block:auto_generated_inst"
    Info (16011): Adding 0 node(s), including 0 DDIO, 0 PLL, 0 transceiver and 0 LCELL
Info (21057): Implemented 57671 device resources after synthesis - the final resource count might be different
    Info (21058): Implemented 3 input pins
    Info (21059): Implemented 11 output pins
    Info (21061): Implemented 57657 logic cells
Info: Quartus II 64-Bit Analysis & Synthesis was successful. 0 errors, 36 warnings
    Info: Peak virtual memory: 4876 megabytes
    Info: Processing ended: Wed Jan 10 21:22:45 2024
    Info: Elapsed time: 00:01:31
    Info: Total CPU time (on all processors): 00:00:27


